<?xml version="1.0" encoding="UTF-8"?>
<!-- Generated by org.testng.reporters.JUnitXMLReporter -->
<testsuite hostname="DESKTOP-G4O11KS" ignored="0" name="Default test" tests="5" failures="0" timestamp="2023-02-24T00:26:05 IST" time="37.164" errors="0">
  <testcase name="tc001" time="12.97" classname="com.adactintestscript.AdactinTestScript"/>
  <testcase name="tc002" time="3.153" classname="com.adactintestscript.AdactinTestScript"/>
  <testcase name="tc003" time="1.597" classname="com.adactintestscript.AdactinTestScript"/>
  <testcase name="tc004" time="2.74" classname="com.adactintestscript.AdactinTestScript"/>
  <testcase name="tc005" time="6.744" classname="com.adactintestscript.AdactinTestScript"/>
</testsuite> <!-- Default test -->
