<?xml version="1.0" encoding="UTF-8"?>
<!-- Generated by org.testng.reporters.JUnitXMLReporter -->
<testsuite hostname="DESKTOP-G4O11KS" ignored="0" name="Test" tests="5" failures="0" timestamp="2023-02-24T00:16:32 IST" time="41.131" errors="0">
  <testcase name="tc001" time="11.765" classname="com.adactintestscript.AdactinTestScript"/>
  <testcase name="tc002" time="3.082" classname="com.adactintestscript.AdactinTestScript"/>
  <testcase name="tc003" time="1.838" classname="com.adactintestscript.AdactinTestScript"/>
  <testcase name="tc004" time="2.889" classname="com.adactintestscript.AdactinTestScript"/>
  <testcase name="tc005" time="5.822" classname="com.adactintestscript.AdactinTestScript"/>
</testsuite> <!-- Test -->
